<?xml version="1.0" encoding="UTF-8"?>
<!-- Generated by org.testng.reporters.JUnitReportReporter -->
<testsuite hostname="taoyunkundeMacBook-Pro.local" name="org.b3log.solo.repository.impl.ArticleRepositoryImplTestCase" tests="8" failures="0" timestamp="22 Apr 2018 09:59:22 GMT" time="0.246" errors="0">
  <testcase name="previousAndNext" time="0.058" classname="org.b3log.solo.repository.impl.ArticleRepositoryImplTestCase"/>
  <testcase name="add" time="0.066" classname="org.b3log.solo.repository.impl.ArticleRepositoryImplTestCase"/>
  <testcase name="getMostCommentArticles" time="0.057" classname="org.b3log.solo.repository.impl.ArticleRepositoryImplTestCase"/>
  <testcase name="getByPermalink" time="0.001" classname="org.b3log.solo.repository.impl.ArticleRepositoryImplTestCase"/>
  <testcase name="getMostViewCountArticles" time="0.058" classname="org.b3log.solo.repository.impl.ArticleRepositoryImplTestCase"/>
  <testcase name="getRecentArticles" time="0.001" classname="org.b3log.solo.repository.impl.ArticleRepositoryImplTestCase"/>
  <testcase name="isPublished" time="0.003" classname="org.b3log.solo.repository.impl.ArticleRepositoryImplTestCase"/>
  <testcase name="getRandomly" time="0.002" classname="org.b3log.solo.repository.impl.ArticleRepositoryImplTestCase"/>
</testsuite>
