<?xml version="1.0" encoding="UTF-8"?>
<!-- Generated by org.testng.reporters.JUnitReportReporter -->
<testsuite hostname="taoyunkundeMacBook-Pro.local" name="org.b3log.solo.util.MarkdownsTestCase" tests="1" failures="0" timestamp="22 Apr 2018 09:59:22 GMT" time="0.400" errors="0">
  <testcase name="toHTML" time="0.400" classname="org.b3log.solo.util.MarkdownsTestCase"/>
</testsuite>
