<?xml version="1.0" encoding="UTF-8"?>
<!-- Generated by org.testng.reporters.JUnitReportReporter -->
<testsuite hostname="taoyunkundeMacBook-Pro.local" name="org.b3log.solo.repository.impl.TagRepositoryImplTestCase" tests="4" failures="0" timestamp="22 Apr 2018 09:59:22 GMT" time="0.208" errors="0">
  <testcase name="add" time="0.057" classname="org.b3log.solo.repository.impl.TagRepositoryImplTestCase"/>
  <testcase name="getByTitle" time="0.001" classname="org.b3log.solo.repository.impl.TagRepositoryImplTestCase"/>
  <testcase name="getByArticleId" time="0.057" classname="org.b3log.solo.repository.impl.TagRepositoryImplTestCase"/>
  <testcase name="getMostUsedTags" time="0.093" classname="org.b3log.solo.repository.impl.TagRepositoryImplTestCase"/>
</testsuite>
