<?xml version="1.0" encoding="UTF-8"?>
<!-- Generated by org.testng.reporters.JUnitReportReporter -->
<testsuite hostname="taoyunkundeMacBook-Pro.local" name="org.b3log.solo.processor.CommentProcessorTestCase" tests="3" failures="0" timestamp="22 Apr 2018 09:59:22 GMT" time="14.577" errors="0">
  <testcase name="init" time="0.491" classname="org.b3log.solo.processor.CommentProcessorTestCase"/>
  <testcase name="addArticleComment" time="11.967" classname="org.b3log.solo.processor.CommentProcessorTestCase"/>
  <testcase name="addPageComment" time="2.119" classname="org.b3log.solo.processor.CommentProcessorTestCase"/>
</testsuite>
