<?xml version="1.0" encoding="UTF-8"?>
<!-- Generated by org.testng.reporters.JUnitReportReporter -->
<testsuite hostname="taoyunkundeMacBook-Pro.local" name="org.b3log.solo.service.PageQueryServiceTestCase" tests="3" failures="0" timestamp="22 Apr 2018 09:59:22 GMT" time="0.537" errors="0">
  <testcase name="addPage" time="0.055" classname="org.b3log.solo.service.PageQueryServiceTestCase"/>
  <testcase name="init" time="0.481" classname="org.b3log.solo.service.PageQueryServiceTestCase"/>
  <testcase name="getPages" time="0.001" classname="org.b3log.solo.service.PageQueryServiceTestCase"/>
</testsuite>
