<?xml version="1.0" encoding="UTF-8"?>
<!-- Generated by org.testng.reporters.JUnitReportReporter -->
<testsuite hostname="taoyunkundeMacBook-Pro.local" name="org.b3log.solo.processor.SitemapProcessorTestCase" tests="2" failures="0" timestamp="22 Apr 2018 09:59:22 GMT" time="0.493" errors="0">
  <testcase name="blogArticlesAtom" time="0.005" classname="org.b3log.solo.processor.SitemapProcessorTestCase"/>
  <testcase name="init" time="0.488" classname="org.b3log.solo.processor.SitemapProcessorTestCase"/>
</testsuite>
