<?xml version="1.0" encoding="UTF-8"?>
<!-- Generated by org.testng.reporters.JUnitReportReporter -->
<testsuite hostname="taoyunkundeMacBook-Pro.local" name="org.b3log.solo.service.LinkMgmtServiceTestCase" tests="5" failures="0" timestamp="22 Apr 2018 09:59:22 GMT" time="0.708" errors="0">
  <testcase name="updateLink" time="0.054" classname="org.b3log.solo.service.LinkMgmtServiceTestCase"/>
  <testcase name="init" time="0.492" classname="org.b3log.solo.service.LinkMgmtServiceTestCase"/>
  <testcase name="addLink" time="0.056" classname="org.b3log.solo.service.LinkMgmtServiceTestCase"/>
  <testcase name="changeOrder" time="0.053" classname="org.b3log.solo.service.LinkMgmtServiceTestCase"/>
  <testcase name="removeLink" time="0.053" classname="org.b3log.solo.service.LinkMgmtServiceTestCase"/>
</testsuite>
