<?xml version="1.0" encoding="UTF-8"?>
<!-- Generated by org.testng.reporters.JUnitReportReporter -->
<testsuite hostname="taoyunkundeMacBook-Pro.local" name="org.b3log.solo.repository.impl.PageRepositoryImplTestCase" tests="5" failures="0" timestamp="22 Apr 2018 09:59:22 GMT" time="0.169" errors="0">
  <testcase name="getMaxOrder" time="0.052" classname="org.b3log.solo.repository.impl.PageRepositoryImplTestCase"/>
  <testcase name="add" time="0.058" classname="org.b3log.solo.repository.impl.PageRepositoryImplTestCase"/>
  <testcase name="getUnderAndUpper" time="0.057" classname="org.b3log.solo.repository.impl.PageRepositoryImplTestCase"/>
  <testcase name="getByPermalink" time="0.001" classname="org.b3log.solo.repository.impl.PageRepositoryImplTestCase"/>
  <testcase name="getByOrder" time="0.001" classname="org.b3log.solo.repository.impl.PageRepositoryImplTestCase"/>
</testsuite>
