<?xml version="1.0" encoding="UTF-8"?>
<!-- Generated by org.testng.reporters.JUnitReportReporter -->
<testsuite hostname="taoyunkundeMacBook-Pro.local" name="org.b3log.solo.processor.LoginProcessorTestCase" tests="6" failures="0" timestamp="22 Apr 2018 09:59:22 GMT" time="0.508" errors="0">
  <testcase name="init" time="0.483" classname="org.b3log.solo.processor.LoginProcessorTestCase"/>
  <testcase name="forgot" time="0.006" classname="org.b3log.solo.processor.LoginProcessorTestCase"/>
  <testcase name="login" time="0.001" classname="org.b3log.solo.processor.LoginProcessorTestCase"/>
  <testcase name="logout" time="0.006" classname="org.b3log.solo.processor.LoginProcessorTestCase"/>
  <testcase name="showLogin" time="0.005" classname="org.b3log.solo.processor.LoginProcessorTestCase"/>
  <testcase name="showForgot" time="0.007" classname="org.b3log.solo.processor.LoginProcessorTestCase"/>
</testsuite>
