<?xml version="1.0" encoding="UTF-8"?>
<!-- Generated by org.testng.reporters.JUnitReportReporter -->
<testsuite hostname="taoyunkundeMacBook-Pro.local" name="org.b3log.solo.service.PageMgmtServiceTestCase" tests="5" failures="0" timestamp="22 Apr 2018 09:59:22 GMT" time="0.719" errors="0">
  <testcase name="removePage" time="0.057" classname="org.b3log.solo.service.PageMgmtServiceTestCase"/>
  <testcase name="init" time="0.489" classname="org.b3log.solo.service.PageMgmtServiceTestCase"/>
  <testcase name="changeOrder" time="0.057" classname="org.b3log.solo.service.PageMgmtServiceTestCase"/>
  <testcase name="updatePage" time="0.056" classname="org.b3log.solo.service.PageMgmtServiceTestCase"/>
  <testcase name="addPage" time="0.060" classname="org.b3log.solo.service.PageMgmtServiceTestCase"/>
</testsuite>
