<?xml version="1.0" encoding="UTF-8"?>
<!-- Generated by org.testng.reporters.JUnitReportReporter -->
<testsuite hostname="taoyunkundeMacBook-Pro.local" name="org.b3log.solo.repository.impl.ArchiveDateArticleRepositoryImplTestCase" tests="3" failures="0" timestamp="22 Apr 2018 09:59:22 GMT" time="0.087" errors="0">
  <testcase name="add" time="0.084" classname="org.b3log.solo.repository.impl.ArchiveDateArticleRepositoryImplTestCase"/>
  <testcase name="getByArticleId" time="0.001" classname="org.b3log.solo.repository.impl.ArchiveDateArticleRepositoryImplTestCase"/>
  <testcase name="getByArchiveDateId" time="0.002" classname="org.b3log.solo.repository.impl.ArchiveDateArticleRepositoryImplTestCase"/>
</testsuite>
