<?xml version="1.0" encoding="UTF-8"?>
<!-- Generated by org.testng.reporters.JUnitReportReporter -->
<testsuite hostname="taoyunkundeMacBook-Pro.local" name="org.b3log.solo.service.TagMgmtServiceTestCase" tests="2" failures="0" timestamp="22 Apr 2018 09:59:22 GMT" time="0.489" errors="0">
  <testcase name="init" time="0.489" classname="org.b3log.solo.service.TagMgmtServiceTestCase"/>
  <testcase name="removeUnusedTags" time="0.000" classname="org.b3log.solo.service.TagMgmtServiceTestCase"/>
</testsuite>
