<?xml version="1.0" encoding="UTF-8"?>
<!-- Generated by org.testng.reporters.JUnitReportReporter -->
<testsuite hostname="taoyunkundeMacBook-Pro.local" name="org.b3log.solo.service.ArticleQueryServiceTestCase" tests="8" failures="0" timestamp="22 Apr 2018 09:59:22 GMT" time="0.499" errors="0">
  <testcase name="getArticleById" time="0.001" classname="org.b3log.solo.service.ArticleQueryServiceTestCase"/>
  <testcase name="getRecentArticles" time="0.001" classname="org.b3log.solo.service.ArticleQueryServiceTestCase"/>
  <testcase name="getArticleContent" time="0.004" classname="org.b3log.solo.service.ArticleQueryServiceTestCase"/>
  <testcase name="getArticlesByTag" time="0.001" classname="org.b3log.solo.service.ArticleQueryServiceTestCase"/>
  <testcase name="getArticlesByArchiveDate" time="0.001" classname="org.b3log.solo.service.ArticleQueryServiceTestCase"/>
  <testcase name="init" time="0.487" classname="org.b3log.solo.service.ArticleQueryServiceTestCase"/>
  <testcase name="searchKeyword" time="0.002" classname="org.b3log.solo.service.ArticleQueryServiceTestCase"/>
  <testcase name="getArticle" time="0.002" classname="org.b3log.solo.service.ArticleQueryServiceTestCase"/>
</testsuite>
