<?xml version="1.0" encoding="UTF-8"?>
<!-- Generated by org.testng.reporters.JUnitReportReporter -->
<testsuite hostname="taoyunkundeMacBook-Pro.local" name="org.b3log.solo.repository.impl.CommentRepositoryImplTestCase" tests="1" failures="0" timestamp="22 Apr 2018 09:59:22 GMT" time="0.055" errors="0">
  <testcase name="add" time="0.055" classname="org.b3log.solo.repository.impl.CommentRepositoryImplTestCase"/>
</testsuite>
