<?xml version="1.0" encoding="UTF-8"?>
<!-- Generated by org.testng.reporters.JUnitReportReporter -->
<testsuite hostname="taoyunkundeMacBook-Pro.local" name="org.b3log.solo.processor.ErrorProcessorTestCase" tests="2" failures="0" timestamp="22 Apr 2018 09:59:22 GMT" time="0.502" errors="0">
  <testcase name="showErrorPage" time="0.012" classname="org.b3log.solo.processor.ErrorProcessorTestCase"/>
  <testcase name="init" time="0.490" classname="org.b3log.solo.processor.ErrorProcessorTestCase"/>
</testsuite>
