<?xml version="1.0" encoding="UTF-8"?>
<!-- Generated by org.testng.reporters.JUnitReportReporter -->
<testsuite hostname="taoyunkundeMacBook-Pro.local" name="org.b3log.solo.service.PreferenceMgmtServiceTestCase" tests="3" failures="0" timestamp="22 Apr 2018 09:59:22 GMT" time="0.499" errors="0">
  <testcase name="updatePreference" time="0.008" classname="org.b3log.solo.service.PreferenceMgmtServiceTestCase"/>
  <testcase name="init" time="0.489" classname="org.b3log.solo.service.PreferenceMgmtServiceTestCase"/>
  <testcase name="updateReplyNotificationTemplate" time="0.002" classname="org.b3log.solo.service.PreferenceMgmtServiceTestCase"/>
</testsuite>
