<?xml version="1.0" encoding="UTF-8"?>
<!-- Generated by org.testng.reporters.JUnitReportReporter -->
<testsuite hostname="taoyunkundeMacBook-Pro.local" name="org.b3log.solo.service.UserMgmtServiceTestCase" tests="5" failures="0" timestamp="22 Apr 2018 09:59:22 GMT" time="0.107" errors="0">
  <testcase name="validUser" time="0.000" classname="org.b3log.solo.service.UserMgmtServiceTestCase"/>
  <testcase name="XSSUser" time="0.000" classname="org.b3log.solo.service.UserMgmtServiceTestCase"/>
  <testcase name="addUser" time="0.054" classname="org.b3log.solo.service.UserMgmtServiceTestCase"/>
  <testcase name="removeUser" time="0.001" classname="org.b3log.solo.service.UserMgmtServiceTestCase"/>
  <testcase name="updateUser" time="0.052" classname="org.b3log.solo.service.UserMgmtServiceTestCase"/>
</testsuite>
