<?xml version="1.0" encoding="UTF-8"?>
<!-- Generated by org.testng.reporters.JUnitReportReporter -->
<testsuite hostname="taoyunkundeMacBook-Pro.local" name="org.b3log.solo.service.UserQueryServiceTestCase" tests="6" failures="0" timestamp="22 Apr 2018 09:59:22 GMT" time="0.054" errors="0">
  <testcase name="getUserByEmail" time="0.000" classname="org.b3log.solo.service.UserQueryServiceTestCase"/>
  <testcase name="getLogoutURL" time="0.000" classname="org.b3log.solo.service.UserQueryServiceTestCase"/>
  <testcase name="getUsers" time="0.000" classname="org.b3log.solo.service.UserQueryServiceTestCase"/>
  <testcase name="getUser" time="0.000" classname="org.b3log.solo.service.UserQueryServiceTestCase"/>
  <testcase name="getLoginURL" time="0.000" classname="org.b3log.solo.service.UserQueryServiceTestCase"/>
  <testcase name="addUser" time="0.054" classname="org.b3log.solo.service.UserQueryServiceTestCase"/>
</testsuite>
