<?xml version="1.0" encoding="UTF-8"?>
<!-- Generated by org.testng.reporters.JUnitReportReporter -->
<testsuite hostname="taoyunkundeMacBook-Pro.local" name="org.b3log.solo.processor.InitProcessorTestCase" tests="2" failures="0" timestamp="22 Apr 2018 09:59:22 GMT" time="0.620" errors="0">
  <testcase name="showInit" time="0.019" classname="org.b3log.solo.processor.InitProcessorTestCase"/>
  <testcase name="initSolo" time="0.601" classname="org.b3log.solo.processor.InitProcessorTestCase"/>
</testsuite>
