<?xml version="1.0" encoding="UTF-8"?>
<!-- Generated by org.testng.reporters.JUnitReportReporter -->
<testsuite hostname="taoyunkundeMacBook-Pro.local" name="org.b3log.solo.service.ArticleMgmtServiceTestCase" tests="8" failures="0" timestamp="22 Apr 2018 09:59:22 GMT" time="2.026" errors="0">
  <testcase name="removeArticle" time="0.266" classname="org.b3log.solo.service.ArticleMgmtServiceTestCase"/>
  <testcase name="addArticleWithoutPermalink" time="0.268" classname="org.b3log.solo.service.ArticleMgmtServiceTestCase"/>
  <testcase name="init" time="0.497" classname="org.b3log.solo.service.ArticleMgmtServiceTestCase"/>
  <testcase name="topArticle" time="0.002" classname="org.b3log.solo.service.ArticleMgmtServiceTestCase"/>
  <testcase name="updateArticlesRandomValue" time="0.003" classname="org.b3log.solo.service.ArticleMgmtServiceTestCase"/>
  <testcase name="cancelPublishArticle" time="0.278" classname="org.b3log.solo.service.ArticleMgmtServiceTestCase"/>
  <testcase name="updateArticle" time="0.273" classname="org.b3log.solo.service.ArticleMgmtServiceTestCase"/>
  <testcase name="addArticle" time="0.439" classname="org.b3log.solo.service.ArticleMgmtServiceTestCase"/>
</testsuite>
