<?xml version="1.0" encoding="UTF-8"?>
<!-- Generated by org.testng.reporters.JUnitReportReporter -->
<testsuite hostname="taoyunkundeMacBook-Pro.local" name="org.b3log.solo.processor.MetaWeblogAPITestCase" tests="2" failures="0" timestamp="22 Apr 2018 09:59:22 GMT" time="0.780" errors="0">
  <testcase name="metaWeblog" time="0.280" classname="org.b3log.solo.processor.MetaWeblogAPITestCase"/>
  <testcase name="init" time="0.500" classname="org.b3log.solo.processor.MetaWeblogAPITestCase"/>
</testsuite>
