<?xml version="1.0" encoding="UTF-8"?>
<!-- Generated by org.testng.reporters.JUnitReportReporter -->
<testsuite hostname="taoyunkundeMacBook-Pro.local" name="org.b3log.solo.service.LinkQueryServiceTestCase" tests="3" failures="0" timestamp="22 Apr 2018 09:59:22 GMT" time="0.550" errors="0">
  <testcase name="init" time="0.494" classname="org.b3log.solo.service.LinkQueryServiceTestCase"/>
  <testcase name="getLinks" time="0.000" classname="org.b3log.solo.service.LinkQueryServiceTestCase"/>
  <testcase name="addLink" time="0.056" classname="org.b3log.solo.service.LinkQueryServiceTestCase"/>
</testsuite>
