<?xml version="1.0" encoding="UTF-8"?>
<!-- Generated by org.testng.reporters.JUnitReportReporter -->
<testsuite hostname="taoyunkundeMacBook-Pro.local" name="org.b3log.solo.repository.impl.ArchiveDateRepositoryImplTestCase" tests="2" failures="0" timestamp="22 Apr 2018 09:59:22 GMT" time="0.061" errors="0">
  <testcase name="getByArchiveDate" time="0.001" classname="org.b3log.solo.repository.impl.ArchiveDateRepositoryImplTestCase"/>
  <testcase name="add" time="0.060" classname="org.b3log.solo.repository.impl.ArchiveDateRepositoryImplTestCase"/>
</testsuite>
