<?xml version="1.0" encoding="UTF-8"?>
<!-- Generated by org.testng.reporters.JUnitReportReporter -->
<testsuite hostname="taoyunkundeMacBook-Pro.local" name="org.b3log.solo.repository.impl.PluginRepositoryImplTestCase" tests="1" failures="0" timestamp="22 Apr 2018 09:59:22 GMT" time="0.001" errors="0">
  <testcase name="test" time="0.001" classname="org.b3log.solo.repository.impl.PluginRepositoryImplTestCase"/>
</testsuite>
