<?xml version="1.0" encoding="UTF-8"?>
<!-- Generated by org.testng.reporters.JUnitReportReporter -->
<testsuite hostname="taoyunkundeMacBook-Pro.local" name="org.b3log.solo.service.CommentMgmtServiceTestCase" tests="3" failures="0" timestamp="22 Apr 2018 09:59:22 GMT" time="4.689" errors="0">
  <testcase name="init" time="0.493" classname="org.b3log.solo.service.CommentMgmtServiceTestCase"/>
  <testcase name="addArticleComment" time="2.072" classname="org.b3log.solo.service.CommentMgmtServiceTestCase"/>
  <testcase name="addPageComment" time="2.124" classname="org.b3log.solo.service.CommentMgmtServiceTestCase"/>
</testsuite>
