<?xml version="1.0" encoding="UTF-8"?>
<!-- Generated by org.testng.reporters.JUnitReportReporter -->
<testsuite hostname="taoyunkundeMacBook-Pro.local" name="org.b3log.solo.processor.FeedProcessorTestCase" tests="5" failures="0" timestamp="22 Apr 2018 09:59:22 GMT" time="0.573" errors="0">
  <testcase name="init" time="0.492" classname="org.b3log.solo.processor.FeedProcessorTestCase"/>
  <testcase name="tagArticlesRSS" time="0.004" classname="org.b3log.solo.processor.FeedProcessorTestCase"/>
  <testcase name="blogArticlesAtom" time="0.066" classname="org.b3log.solo.processor.FeedProcessorTestCase"/>
  <testcase name="blogArticlesRSS" time="0.006" classname="org.b3log.solo.processor.FeedProcessorTestCase"/>
  <testcase name="tagArticlesAtom" time="0.005" classname="org.b3log.solo.processor.FeedProcessorTestCase"/>
</testsuite>
