<?xml version="1.0" encoding="UTF-8"?>
<!-- Generated by org.testng.reporters.JUnitReportReporter -->
<testsuite hostname="taoyunkundeMacBook-Pro.local" name="org.b3log.solo.service.PreferenceQueryServiceTestCase" tests="3" failures="0" timestamp="22 Apr 2018 09:59:22 GMT" time="0.480" errors="0">
  <testcase name="getReplyNotificationTemplate" time="0.000" classname="org.b3log.solo.service.PreferenceQueryServiceTestCase"/>
  <testcase name="getPreference" time="0.001" classname="org.b3log.solo.service.PreferenceQueryServiceTestCase"/>
  <testcase name="init" time="0.479" classname="org.b3log.solo.service.PreferenceQueryServiceTestCase"/>
</testsuite>
