<?xml version="1.0" encoding="UTF-8"?>
<!-- Generated by org.testng.reporters.JUnitReportReporter -->
<testsuite hostname="taoyunkundeMacBook-Pro.local" name="org.b3log.solo.processor.IndexProcessorTestCase" tests="4" failures="0" timestamp="22 Apr 2018 09:59:22 GMT" time="0.531" errors="0">
  <testcase name="init" time="0.489" classname="org.b3log.solo.processor.IndexProcessorTestCase"/>
  <testcase name="register" time="0.009" classname="org.b3log.solo.processor.IndexProcessorTestCase"/>
  <testcase name="showIndex" time="0.027" classname="org.b3log.solo.processor.IndexProcessorTestCase"/>
  <testcase name="showKillBrowser" time="0.006" classname="org.b3log.solo.processor.IndexProcessorTestCase"/>
</testsuite>
