<?xml version="1.0" encoding="UTF-8"?>
<!-- Generated by org.testng.reporters.JUnitReportReporter -->
<testsuite hostname="taoyunkundeMacBook-Pro.local" name="org.b3log.solo.processor.PageProcessorTestCase" tests="2" failures="0" timestamp="22 Apr 2018 09:59:22 GMT" time="0.567" errors="0">
  <testcase name="init" time="0.500" classname="org.b3log.solo.processor.PageProcessorTestCase"/>
  <testcase name="showPage" time="0.067" classname="org.b3log.solo.processor.PageProcessorTestCase"/>
</testsuite>
