<?xml version="1.0" encoding="UTF-8"?>
<!-- Generated by org.testng.reporters.JUnitReportReporter -->
<testsuite hostname="taoyunkundeMacBook-Pro.local" name="org.b3log.solo.service.CategoryQueryServiceTestCase" tests="3" failures="0" timestamp="22 Apr 2018 09:59:22 GMT" time="0.541" errors="0">
  <testcase name="getCategories" time="0.001" classname="org.b3log.solo.service.CategoryQueryServiceTestCase"/>
  <testcase name="init" time="0.485" classname="org.b3log.solo.service.CategoryQueryServiceTestCase"/>
  <testcase name="addCategory" time="0.055" classname="org.b3log.solo.service.CategoryQueryServiceTestCase"/>
</testsuite>
