<?xml version="1.0" encoding="UTF-8"?>
<!-- Generated by org.testng.reporters.JUnitReportReporter -->
<testsuite hostname="taoyunkundeMacBook-Pro.local" name="org.b3log.solo.processor.console.CategoryConsoleTestCase" tests="3" failures="0" timestamp="22 Apr 2018 09:59:22 GMT" time="0.681" errors="0">
  <testcase name="init" time="0.505" classname="org.b3log.solo.processor.console.CategoryConsoleTestCase"/>
  <testcase name="addCategory" time="0.119" classname="org.b3log.solo.processor.console.CategoryConsoleTestCase"/>
  <testcase name="updateCategory" time="0.057" classname="org.b3log.solo.processor.console.CategoryConsoleTestCase"/>
</testsuite>
