<?xml version="1.0" encoding="UTF-8"?>
<!-- Generated by org.testng.reporters.JUnitReportReporter -->
<testsuite hostname="taoyunkundeMacBook-Pro.local" name="org.b3log.solo.service.OptionMgmtServiceTestCase" tests="3" failures="0" timestamp="22 Apr 2018 09:59:22 GMT" time="0.002" errors="0">
  <testcase name="add" time="0.001" classname="org.b3log.solo.service.OptionMgmtServiceTestCase"/>
  <testcase name="remove" time="0.001" classname="org.b3log.solo.service.OptionMgmtServiceTestCase"/>
  <testcase name="update" time="0.000" classname="org.b3log.solo.service.OptionMgmtServiceTestCase"/>
</testsuite>
