<?xml version="1.0" encoding="UTF-8"?>
<!-- Generated by org.testng.reporters.JUnitReportReporter -->
<testsuite hostname="taoyunkundeMacBook-Pro.local" name="org.b3log.solo.processor.BlogProcessorTestCase" tests="4" failures="0" timestamp="22 Apr 2018 09:59:22 GMT" time="0.510" errors="0">
  <testcase name="getBlogInfo" time="0.004" classname="org.b3log.solo.processor.BlogProcessorTestCase"/>
  <testcase name="getInterestTags" time="0.002" classname="org.b3log.solo.processor.BlogProcessorTestCase"/>
  <testcase name="getArticlesTags" time="0.004" classname="org.b3log.solo.processor.BlogProcessorTestCase"/>
  <testcase name="init" time="0.500" classname="org.b3log.solo.processor.BlogProcessorTestCase"/>
</testsuite>
