<?xml version="1.0" encoding="UTF-8"?>
<!-- Generated by org.testng.reporters.JUnitReportReporter -->
<testsuite hostname="taoyunkundeMacBook-Pro.local" name="org.b3log.solo.processor.CaptchaProcessorTestCase" tests="2" failures="0" timestamp="22 Apr 2018 09:59:22 GMT" time="2.587" errors="0">
  <testcase name="get" time="2.090" classname="org.b3log.solo.processor.CaptchaProcessorTestCase"/>
  <testcase name="init" time="0.497" classname="org.b3log.solo.processor.CaptchaProcessorTestCase"/>
</testsuite>
