<?xml version="1.0" encoding="UTF-8"?>
<!-- Generated by org.testng.reporters.JUnitReportReporter -->
<testsuite hostname="taoyunkundeMacBook-Pro.local" name="org.b3log.solo.service.CommentQueryServiceTestCase" tests="3" failures="0" timestamp="22 Apr 2018 09:59:22 GMT" time="0.507" errors="0">
  <testcase name="getCommentsOnId" time="0.004" classname="org.b3log.solo.service.CommentQueryServiceTestCase"/>
  <testcase name="getComments" time="0.009" classname="org.b3log.solo.service.CommentQueryServiceTestCase"/>
  <testcase name="init" time="0.494" classname="org.b3log.solo.service.CommentQueryServiceTestCase"/>
</testsuite>
