<?xml version="1.0" encoding="UTF-8"?>
<!-- Generated by org.testng.reporters.JUnitReportReporter -->
<testsuite hostname="taoyunkundeMacBook-Pro.local" name="org.b3log.solo.processor.TagProcessorTestCase" tests="2" failures="0" timestamp="22 Apr 2018 09:59:22 GMT" time="0.536" errors="0">
  <testcase name="showTagArticles" time="0.032" classname="org.b3log.solo.processor.TagProcessorTestCase"/>
  <testcase name="init" time="0.504" classname="org.b3log.solo.processor.TagProcessorTestCase"/>
</testsuite>
